\BOOKMARK [0][-]{Doc-Start}{\376\377\000D\000e\000c\000l\000a\000r\000a\000t\000i\000o\000n}{}% 1
\BOOKMARK [0][-]{chapter*.1}{\376\377\000A\000c\000k\000n\000o\000w\000l\000e\000d\000g\000m\000e\000n\000t\000s}{}% 2
\BOOKMARK [0][-]{chapter*.2}{\376\377\000P\000u\000b\000l\000i\000c\000a\000t\000i\000o\000n\000s}{}% 3
\BOOKMARK [0][-]{chapter.1}{\376\377\000I\000n\000t\000r\000o\000d\000u\000c\000t\000i\000o\000n}{}% 4
\BOOKMARK [1][-]{section.1.1}{\376\377\000I\000n\000t\000r\000o\000d\000u\000c\000t\000i\000o\000n}{chapter.1}% 5
\BOOKMARK [1][-]{section.1.2}{\376\377\000T\000h\000e\000s\000i\000s\000\040\000s\000t\000a\000t\000e\000m\000e\000n\000t\000\040\000a\000n\000d\000\040\000m\000o\000t\000i\000v\000a\000t\000i\000o\000n}{chapter.1}% 6
\BOOKMARK [1][-]{section.1.3}{\376\377\000R\000e\000s\000e\000a\000r\000c\000h\000\040\000g\000o\000a\000l\000s\000\040\000a\000n\000d\000\040\000a\000p\000p\000r\000o\000a\000c\000h\000e\000s}{chapter.1}% 7
\BOOKMARK [1][-]{section.1.4}{\376\377\000C\000o\000n\000t\000r\000i\000b\000u\000t\000i\000o\000n\000s}{chapter.1}% 8
\BOOKMARK [1][-]{section.1.5}{\376\377\000T\000h\000e\000s\000i\000s\000\040\000o\000r\000g\000a\000n\000i\000s\000a\000t\000i\000o\000n}{chapter.1}% 9
\BOOKMARK [0][-]{chapter.2}{\376\377\000L\000i\000t\000e\000r\000a\000t\000u\000r\000e\000\040\000r\000e\000v\000i\000e\000w}{}% 10
\BOOKMARK [1][-]{section.2.1}{\376\377\000I\000n\000t\000r\000o\000d\000u\000c\000t\000i\000o\000n}{chapter.2}% 11
\BOOKMARK [1][-]{section.2.2}{\376\377\000F\000i\000r\000s\000t\000\040\000m\000a\000i\000n\000\040\000s\000t\000u\000f\000f}{chapter.2}% 12
\BOOKMARK [1][-]{section.2.3}{\376\377\000S\000e\000c\000o\000n\000d\000\040\000m\000a\000i\000n\000\040\000s\000t\000u\000f\000f}{chapter.2}% 13
\BOOKMARK [1][-]{section.2.4}{\376\377\000T\000h\000i\000r\000d\000\040\000m\000a\000i\000n\000\040\000s\000t\000u\000f\000f}{chapter.2}% 14
\BOOKMARK [1][-]{section.2.5}{\376\377\000S\000u\000m\000m\000a\000r\000y}{chapter.2}% 15
\BOOKMARK [0][-]{chapter.3}{\376\377\000T\000h\000i\000s\000\040\000i\000s\000\040\000c\000h\000a\000p\000t\000e\000r\000\040\000t\000h\000r\000e\000e}{}% 16
\BOOKMARK [1][-]{section.3.1}{\376\377\000I\000n\000t\000r\000o\000d\000u\000c\000t\000i\000o\000n}{chapter.3}% 17
\BOOKMARK [1][-]{section.3.2}{\376\377\000F\000i\000r\000s\000t\000\040\000m\000a\000i\000n\000\040\000s\000t\000u\000f\000f}{chapter.3}% 18
\BOOKMARK [1][-]{section.3.3}{\376\377\000S\000e\000c\000o\000n\000d\000\040\000m\000a\000i\000n\000\040\000s\000t\000u\000f\000f}{chapter.3}% 19
\BOOKMARK [1][-]{section.3.4}{\376\377\000T\000h\000i\000r\000d\000\040\000m\000a\000i\000n\000\040\000s\000t\000u\000f\000f}{chapter.3}% 20
\BOOKMARK [1][-]{section.3.5}{\376\377\000S\000u\000m\000m\000a\000r\000y}{chapter.3}% 21
\BOOKMARK [0][-]{chapter.4}{\376\377\000T\000h\000i\000s\000\040\000i\000s\000\040\000c\000h\000a\000p\000t\000e\000r\000\040\000f\000o\000u\000r}{}% 22
\BOOKMARK [1][-]{section.4.1}{\376\377\000I\000n\000t\000r\000o\000d\000u\000c\000t\000i\000o\000n}{chapter.4}% 23
\BOOKMARK [1][-]{section.4.2}{\376\377\000F\000i\000r\000s\000t\000\040\000m\000a\000i\000n\000\040\000s\000t\000u\000f\000f}{chapter.4}% 24
\BOOKMARK [1][-]{section.4.3}{\376\377\000S\000e\000c\000o\000n\000d\000\040\000m\000a\000i\000n\000\040\000s\000t\000u\000f\000f}{chapter.4}% 25
\BOOKMARK [1][-]{section.4.4}{\376\377\000T\000h\000i\000r\000d\000\040\000m\000a\000i\000n\000\040\000s\000t\000u\000f\000f}{chapter.4}% 26
\BOOKMARK [1][-]{section.4.5}{\376\377\000S\000u\000m\000m\000a\000r\000y}{chapter.4}% 27
\BOOKMARK [0][-]{chapter.5}{\376\377\000T\000h\000i\000s\000\040\000i\000s\000\040\000c\000h\000a\000p\000t\000e\000r\000\040\000f\000i\000v\000e}{}% 28
\BOOKMARK [1][-]{section.5.1}{\376\377\000I\000n\000t\000r\000o\000d\000u\000c\000t\000i\000o\000n}{chapter.5}% 29
\BOOKMARK [1][-]{section.5.2}{\376\377\000F\000i\000r\000s\000t\000\040\000m\000a\000i\000n\000\040\000s\000t\000u\000f\000f}{chapter.5}% 30
\BOOKMARK [1][-]{section.5.3}{\376\377\000S\000e\000c\000o\000n\000d\000\040\000m\000a\000i\000n\000\040\000s\000t\000u\000f\000f}{chapter.5}% 31
\BOOKMARK [1][-]{section.5.4}{\376\377\000T\000h\000i\000r\000d\000\040\000m\000a\000i\000n\000\040\000s\000t\000u\000f\000f}{chapter.5}% 32
\BOOKMARK [1][-]{section.5.5}{\376\377\000S\000u\000m\000m\000a\000r\000y}{chapter.5}% 33
\BOOKMARK [0][-]{chapter.6}{\376\377\000T\000h\000i\000s\000\040\000i\000s\000\040\000c\000h\000a\000p\000t\000e\000r\000\040\000s\000i\000x}{}% 34
\BOOKMARK [1][-]{section.6.1}{\376\377\000I\000n\000t\000r\000o\000d\000u\000c\000t\000i\000o\000n}{chapter.6}% 35
\BOOKMARK [1][-]{section.6.2}{\376\377\000F\000i\000r\000s\000t\000\040\000m\000a\000i\000n\000\040\000s\000t\000u\000f\000f}{chapter.6}% 36
\BOOKMARK [1][-]{section.6.3}{\376\377\000S\000e\000c\000o\000n\000d\000\040\000m\000a\000i\000n\000\040\000s\000t\000u\000f\000f}{chapter.6}% 37
\BOOKMARK [1][-]{section.6.4}{\376\377\000T\000h\000i\000r\000d\000\040\000m\000a\000i\000n\000\040\000s\000t\000u\000f\000f}{chapter.6}% 38
\BOOKMARK [1][-]{section.6.5}{\376\377\000S\000u\000m\000m\000a\000r\000y}{chapter.6}% 39
\BOOKMARK [0][-]{chapter.7}{\376\377\000T\000h\000i\000s\000\040\000i\000s\000\040\000c\000h\000a\000p\000t\000e\000r\000\040\000s\000e\000v\000e\000n}{}% 40
\BOOKMARK [1][-]{section.7.1}{\376\377\000I\000n\000t\000r\000o\000d\000u\000c\000t\000i\000o\000n}{chapter.7}% 41
\BOOKMARK [1][-]{section.7.2}{\376\377\000F\000i\000r\000s\000t\000\040\000m\000a\000i\000n\000\040\000s\000t\000u\000f\000f}{chapter.7}% 42
\BOOKMARK [1][-]{section.7.3}{\376\377\000S\000e\000c\000o\000n\000d\000\040\000m\000a\000i\000n\000\040\000s\000t\000u\000f\000f}{chapter.7}% 43
\BOOKMARK [1][-]{section.7.4}{\376\377\000T\000h\000i\000r\000d\000\040\000m\000a\000i\000n\000\040\000s\000t\000u\000f\000f}{chapter.7}% 44
\BOOKMARK [1][-]{section.7.5}{\376\377\000S\000u\000m\000m\000a\000r\000y}{chapter.7}% 45
\BOOKMARK [0][-]{chapter.8}{\376\377\000C\000o\000n\000c\000l\000u\000s\000i\000o\000n}{}% 46
\BOOKMARK [1][-]{section.8.1}{\376\377\000I\000n\000t\000r\000o\000d\000u\000c\000t\000i\000o\000n}{chapter.8}% 47
\BOOKMARK [1][-]{section.8.2}{\376\377\000F\000i\000r\000s\000t\000\040\000m\000a\000i\000n\000\040\000s\000t\000u\000f\000f}{chapter.8}% 48
\BOOKMARK [1][-]{section.8.3}{\376\377\000S\000e\000c\000o\000n\000d\000\040\000m\000a\000i\000n\000\040\000s\000t\000u\000f\000f}{chapter.8}% 49
\BOOKMARK [1][-]{section.8.4}{\376\377\000T\000h\000i\000r\000d\000\040\000m\000a\000i\000n\000\040\000s\000t\000u\000f\000f}{chapter.8}% 50
\BOOKMARK [1][-]{section.8.5}{\376\377\000C\000o\000n\000t\000r\000i\000b\000u\000t\000i\000o\000n\000s}{chapter.8}% 51
\BOOKMARK [1][-]{section.8.6}{\376\377\000F\000u\000t\000u\000r\000e\000\040\000d\000i\000r\000e\000c\000t\000i\000o\000n\000s}{chapter.8}% 52
\BOOKMARK [0][-]{appendix.A}{\376\377\000P\000O\000P\000L\000m\000a\000r\000k}{}% 53
\BOOKMARK [1][-]{section.A.1}{\376\377\000I\000n\000t\000r\000o\000d\000u\000c\000t\000i\000o\000n}{appendix.A}% 54
\BOOKMARK [1][-]{section.A.2}{\376\377\000F\000i\000r\000s\000t\000\040\000m\000a\000i\000n\000\040\000s\000t\000u\000f\000f}{appendix.A}% 55
\BOOKMARK [1][-]{section.A.3}{\376\377\000S\000e\000c\000o\000n\000d\000\040\000m\000a\000i\000n\000\040\000s\000t\000u\000f\000f}{appendix.A}% 56
\BOOKMARK [1][-]{section.A.4}{\376\377\000T\000h\000i\000r\000d\000\040\000m\000a\000i\000n\000\040\000s\000t\000u\000f\000f}{appendix.A}% 57
\BOOKMARK [1][-]{section.A.5}{\376\377\000S\000u\000m\000m\000a\000r\000y}{appendix.A}% 58
\BOOKMARK [0][-]{appendix.B}{\376\377\000K\000-\000s\000e\000r\000v\000e\000r\000\040\000p\000r\000o\000b\000l\000e\000m}{}% 59
\BOOKMARK [1][-]{section.B.1}{\376\377\000I\000n\000t\000r\000o\000d\000u\000c\000t\000i\000o\000n}{appendix.B}% 60
\BOOKMARK [1][-]{section.B.2}{\376\377\000F\000i\000r\000s\000t\000\040\000m\000a\000i\000n\000\040\000s\000t\000u\000f\000f}{appendix.B}% 61
\BOOKMARK [1][-]{section.B.3}{\376\377\000S\000e\000c\000o\000n\000d\000\040\000m\000a\000i\000n\000\040\000s\000t\000u\000f\000f}{appendix.B}% 62
\BOOKMARK [1][-]{section.B.4}{\376\377\000T\000h\000i\000r\000d\000\040\000m\000a\000i\000n\000\040\000s\000t\000u\000f\000f}{appendix.B}% 63
\BOOKMARK [1][-]{section.B.5}{\376\377\000S\000u\000m\000m\000a\000r\000y}{appendix.B}% 64
\BOOKMARK [0][-]{section.B.5}{\376\377\000B\000i\000b\000l\000i\000o\000g\000r\000a\000p\000h\000y}{}% 65
